[17:15:17] [main/INFO]: Login Successful!
[17:15:18] [JDA MainWS-ReadThread/INFO]: Connected to WebSocket
[17:15:19] [JDA MainWS-ReadThread/INFO]: Finished Loading!
[17:15:22] [JDA MainWS-ReadThread/ERROR]: One of the EventListeners had an uncaught exception
java.lang.NoSuchMethodError: 'void org.yaml.snakeyaml.DumperOptions.setProcessComments(boolean)'
	at org.bspfsystems.yamlconfiguration.file.YamlConfiguration.saveToString(YamlConfiguration.java:135) ~[yamlconfiguration-1.2.0.jar:?]
	at org.bspfsystems.yamlconfiguration.file.FileConfiguration.save(FileConfiguration.java:97) ~[yamlconfiguration-1.2.0.jar:?]
	at LevelListener.onMessageReceived(LevelListener.java:77) ~[classes/:?]
	at net.dv8tion.jda.api.hooks.ListenerAdapter.onEvent(ListenerAdapter.java:361) ~[JDA-5.0.0-alpha.12.jar:5.0.0-alpha.12]
	at net.dv8tion.jda.api.hooks.InterfacedEventManager.handle(InterfacedEventManager.java:96) [JDA-5.0.0-alpha.12.jar:5.0.0-alpha.12]
	at net.dv8tion.jda.internal.hooks.EventManagerProxy.handleInternally(EventManagerProxy.java:88) [JDA-5.0.0-alpha.12.jar:5.0.0-alpha.12]
	at net.dv8tion.jda.internal.hooks.EventManagerProxy.handle(EventManagerProxy.java:70) [JDA-5.0.0-alpha.12.jar:5.0.0-alpha.12]
	at net.dv8tion.jda.internal.JDAImpl.handleEvent(JDAImpl.java:164) [JDA-5.0.0-alpha.12.jar:5.0.0-alpha.12]
	at net.dv8tion.jda.internal.handle.MessageCreateHandler.handleInternally(MessageCreateHandler.java:127) [JDA-5.0.0-alpha.12.jar:5.0.0-alpha.12]
	at net.dv8tion.jda.internal.handle.SocketHandler.handle(SocketHandler.java:36) [JDA-5.0.0-alpha.12.jar:5.0.0-alpha.12]
	at net.dv8tion.jda.internal.requests.WebSocketClient.onDispatch(WebSocketClient.java:957) [JDA-5.0.0-alpha.12.jar:5.0.0-alpha.12]
	at net.dv8tion.jda.internal.requests.WebSocketClient.onEvent(WebSocketClient.java:844) [JDA-5.0.0-alpha.12.jar:5.0.0-alpha.12]
	at net.dv8tion.jda.internal.requests.WebSocketClient.handleEvent(WebSocketClient.java:822) [JDA-5.0.0-alpha.12.jar:5.0.0-alpha.12]
	at net.dv8tion.jda.internal.requests.WebSocketClient.onBinaryMessage(WebSocketClient.java:996) [JDA-5.0.0-alpha.12.jar:5.0.0-alpha.12]
	at com.neovisionaries.ws.client.ListenerManager.callOnBinaryMessage(ListenerManager.java:385) [nv-websocket-client-2.14.jar:?]
	at com.neovisionaries.ws.client.ReadingThread.callOnBinaryMessage(ReadingThread.java:276) [nv-websocket-client-2.14.jar:?]
	at com.neovisionaries.ws.client.ReadingThread.handleBinaryFrame(ReadingThread.java:996) [nv-websocket-client-2.14.jar:?]
	at com.neovisionaries.ws.client.ReadingThread.handleFrame(ReadingThread.java:755) [nv-websocket-client-2.14.jar:?]
	at com.neovisionaries.ws.client.ReadingThread.main(ReadingThread.java:108) [nv-websocket-client-2.14.jar:?]
	at com.neovisionaries.ws.client.ReadingThread.runMain(ReadingThread.java:64) [nv-websocket-client-2.14.jar:?]
	at com.neovisionaries.ws.client.WebSocketThread.run(WebSocketThread.java:45) [nv-websocket-client-2.14.jar:?]
[17:15:24] [JDA MainWS-ReadThread/ERROR]: One of the EventListeners had an uncaught exception
java.lang.NoSuchMethodError: 'void org.yaml.snakeyaml.DumperOptions.setProcessComments(boolean)'
	at org.bspfsystems.yamlconfiguration.file.YamlConfiguration.saveToString(YamlConfiguration.java:135) ~[yamlconfiguration-1.2.0.jar:?]
	at org.bspfsystems.yamlconfiguration.file.FileConfiguration.save(FileConfiguration.java:97) ~[yamlconfiguration-1.2.0.jar:?]
	at LevelListener.onMessageReceived(LevelListener.java:77) ~[classes/:?]
	at net.dv8tion.jda.api.hooks.ListenerAdapter.onEvent(ListenerAdapter.java:361) ~[JDA-5.0.0-alpha.12.jar:5.0.0-alpha.12]
	at net.dv8tion.jda.api.hooks.InterfacedEventManager.handle(InterfacedEventManager.java:96) [JDA-5.0.0-alpha.12.jar:5.0.0-alpha.12]
	at net.dv8tion.jda.internal.hooks.EventManagerProxy.handleInternally(EventManagerProxy.java:88) [JDA-5.0.0-alpha.12.jar:5.0.0-alpha.12]
	at net.dv8tion.jda.internal.hooks.EventManagerProxy.handle(EventManagerProxy.java:70) [JDA-5.0.0-alpha.12.jar:5.0.0-alpha.12]
	at net.dv8tion.jda.internal.JDAImpl.handleEvent(JDAImpl.java:164) [JDA-5.0.0-alpha.12.jar:5.0.0-alpha.12]
	at net.dv8tion.jda.internal.handle.MessageCreateHandler.handleInternally(MessageCreateHandler.java:127) [JDA-5.0.0-alpha.12.jar:5.0.0-alpha.12]
	at net.dv8tion.jda.internal.handle.SocketHandler.handle(SocketHandler.java:36) [JDA-5.0.0-alpha.12.jar:5.0.0-alpha.12]
	at net.dv8tion.jda.internal.requests.WebSocketClient.onDispatch(WebSocketClient.java:957) [JDA-5.0.0-alpha.12.jar:5.0.0-alpha.12]
	at net.dv8tion.jda.internal.requests.WebSocketClient.onEvent(WebSocketClient.java:844) [JDA-5.0.0-alpha.12.jar:5.0.0-alpha.12]
	at net.dv8tion.jda.internal.requests.WebSocketClient.handleEvent(WebSocketClient.java:822) [JDA-5.0.0-alpha.12.jar:5.0.0-alpha.12]
	at net.dv8tion.jda.internal.requests.WebSocketClient.onBinaryMessage(WebSocketClient.java:996) [JDA-5.0.0-alpha.12.jar:5.0.0-alpha.12]
	at com.neovisionaries.ws.client.ListenerManager.callOnBinaryMessage(ListenerManager.java:385) [nv-websocket-client-2.14.jar:?]
	at com.neovisionaries.ws.client.ReadingThread.callOnBinaryMessage(ReadingThread.java:276) [nv-websocket-client-2.14.jar:?]
	at com.neovisionaries.ws.client.ReadingThread.handleBinaryFrame(ReadingThread.java:996) [nv-websocket-client-2.14.jar:?]
	at com.neovisionaries.ws.client.ReadingThread.handleFrame(ReadingThread.java:755) [nv-websocket-client-2.14.jar:?]
	at com.neovisionaries.ws.client.ReadingThread.main(ReadingThread.java:108) [nv-websocket-client-2.14.jar:?]
	at com.neovisionaries.ws.client.ReadingThread.runMain(ReadingThread.java:64) [nv-websocket-client-2.14.jar:?]
	at com.neovisionaries.ws.client.WebSocketThread.run(WebSocketThread.java:45) [nv-websocket-client-2.14.jar:?]
[17:15:31] [JDA MainWS-ReadThread/ERROR]: One of the EventListeners had an uncaught exception
java.lang.NoSuchMethodError: 'void org.yaml.snakeyaml.DumperOptions.setProcessComments(boolean)'
	at org.bspfsystems.yamlconfiguration.file.YamlConfiguration.saveToString(YamlConfiguration.java:135) ~[yamlconfiguration-1.2.0.jar:?]
	at org.bspfsystems.yamlconfiguration.file.FileConfiguration.save(FileConfiguration.java:97) ~[yamlconfiguration-1.2.0.jar:?]
	at GiveawayBedingungListener.onMessageReceived(GiveawayBedingungListener.java:55) ~[classes/:?]
	at net.dv8tion.jda.api.hooks.ListenerAdapter.onEvent(ListenerAdapter.java:361) ~[JDA-5.0.0-alpha.12.jar:5.0.0-alpha.12]
	at net.dv8tion.jda.api.hooks.InterfacedEventManager.handle(InterfacedEventManager.java:96) [JDA-5.0.0-alpha.12.jar:5.0.0-alpha.12]
	at net.dv8tion.jda.internal.hooks.EventManagerProxy.handleInternally(EventManagerProxy.java:88) [JDA-5.0.0-alpha.12.jar:5.0.0-alpha.12]
	at net.dv8tion.jda.internal.hooks.EventManagerProxy.handle(EventManagerProxy.java:70) [JDA-5.0.0-alpha.12.jar:5.0.0-alpha.12]
	at net.dv8tion.jda.internal.JDAImpl.handleEvent(JDAImpl.java:164) [JDA-5.0.0-alpha.12.jar:5.0.0-alpha.12]
	at net.dv8tion.jda.internal.handle.MessageCreateHandler.handleInternally(MessageCreateHandler.java:127) [JDA-5.0.0-alpha.12.jar:5.0.0-alpha.12]
	at net.dv8tion.jda.internal.handle.SocketHandler.handle(SocketHandler.java:36) [JDA-5.0.0-alpha.12.jar:5.0.0-alpha.12]
	at net.dv8tion.jda.internal.requests.WebSocketClient.onDispatch(WebSocketClient.java:957) [JDA-5.0.0-alpha.12.jar:5.0.0-alpha.12]
	at net.dv8tion.jda.internal.requests.WebSocketClient.onEvent(WebSocketClient.java:844) [JDA-5.0.0-alpha.12.jar:5.0.0-alpha.12]
	at net.dv8tion.jda.internal.requests.WebSocketClient.handleEvent(WebSocketClient.java:822) [JDA-5.0.0-alpha.12.jar:5.0.0-alpha.12]
	at net.dv8tion.jda.internal.requests.WebSocketClient.onBinaryMessage(WebSocketClient.java:996) [JDA-5.0.0-alpha.12.jar:5.0.0-alpha.12]
	at com.neovisionaries.ws.client.ListenerManager.callOnBinaryMessage(ListenerManager.java:385) [nv-websocket-client-2.14.jar:?]
	at com.neovisionaries.ws.client.ReadingThread.callOnBinaryMessage(ReadingThread.java:276) [nv-websocket-client-2.14.jar:?]
	at com.neovisionaries.ws.client.ReadingThread.handleBinaryFrame(ReadingThread.java:996) [nv-websocket-client-2.14.jar:?]
	at com.neovisionaries.ws.client.ReadingThread.handleFrame(ReadingThread.java:755) [nv-websocket-client-2.14.jar:?]
	at com.neovisionaries.ws.client.ReadingThread.main(ReadingThread.java:108) [nv-websocket-client-2.14.jar:?]
	at com.neovisionaries.ws.client.ReadingThread.runMain(ReadingThread.java:64) [nv-websocket-client-2.14.jar:?]
	at com.neovisionaries.ws.client.WebSocketThread.run(WebSocketThread.java:45) [nv-websocket-client-2.14.jar:?]
[17:15:39] [JDA MainWS-ReadThread/ERROR]: One of the EventListeners had an uncaught exception
java.lang.NoSuchMethodError: 'void org.yaml.snakeyaml.DumperOptions.setProcessComments(boolean)'
	at org.bspfsystems.yamlconfiguration.file.YamlConfiguration.saveToString(YamlConfiguration.java:135) ~[yamlconfiguration-1.2.0.jar:?]
	at org.bspfsystems.yamlconfiguration.file.FileConfiguration.save(FileConfiguration.java:97) ~[yamlconfiguration-1.2.0.jar:?]
	at LevelListener.onMessageReceived(LevelListener.java:77) ~[classes/:?]
	at net.dv8tion.jda.api.hooks.ListenerAdapter.onEvent(ListenerAdapter.java:361) ~[JDA-5.0.0-alpha.12.jar:5.0.0-alpha.12]
	at net.dv8tion.jda.api.hooks.InterfacedEventManager.handle(InterfacedEventManager.java:96) [JDA-5.0.0-alpha.12.jar:5.0.0-alpha.12]
	at net.dv8tion.jda.internal.hooks.EventManagerProxy.handleInternally(EventManagerProxy.java:88) [JDA-5.0.0-alpha.12.jar:5.0.0-alpha.12]
	at net.dv8tion.jda.internal.hooks.EventManagerProxy.handle(EventManagerProxy.java:70) [JDA-5.0.0-alpha.12.jar:5.0.0-alpha.12]
	at net.dv8tion.jda.internal.JDAImpl.handleEvent(JDAImpl.java:164) [JDA-5.0.0-alpha.12.jar:5.0.0-alpha.12]
	at net.dv8tion.jda.internal.handle.MessageCreateHandler.handleInternally(MessageCreateHandler.java:127) [JDA-5.0.0-alpha.12.jar:5.0.0-alpha.12]
	at net.dv8tion.jda.internal.handle.SocketHandler.handle(SocketHandler.java:36) [JDA-5.0.0-alpha.12.jar:5.0.0-alpha.12]
	at net.dv8tion.jda.internal.requests.WebSocketClient.onDispatch(WebSocketClient.java:957) [JDA-5.0.0-alpha.12.jar:5.0.0-alpha.12]
	at net.dv8tion.jda.internal.requests.WebSocketClient.onEvent(WebSocketClient.java:844) [JDA-5.0.0-alpha.12.jar:5.0.0-alpha.12]
	at net.dv8tion.jda.internal.requests.WebSocketClient.handleEvent(WebSocketClient.java:822) [JDA-5.0.0-alpha.12.jar:5.0.0-alpha.12]
	at net.dv8tion.jda.internal.requests.WebSocketClient.onBinaryMessage(WebSocketClient.java:996) [JDA-5.0.0-alpha.12.jar:5.0.0-alpha.12]
	at com.neovisionaries.ws.client.ListenerManager.callOnBinaryMessage(ListenerManager.java:385) [nv-websocket-client-2.14.jar:?]
	at com.neovisionaries.ws.client.ReadingThread.callOnBinaryMessage(ReadingThread.java:276) [nv-websocket-client-2.14.jar:?]
	at com.neovisionaries.ws.client.ReadingThread.handleBinaryFrame(ReadingThread.java:996) [nv-websocket-client-2.14.jar:?]
	at com.neovisionaries.ws.client.ReadingThread.handleFrame(ReadingThread.java:755) [nv-websocket-client-2.14.jar:?]
	at com.neovisionaries.ws.client.ReadingThread.main(ReadingThread.java:108) [nv-websocket-client-2.14.jar:?]
	at com.neovisionaries.ws.client.ReadingThread.runMain(ReadingThread.java:64) [nv-websocket-client-2.14.jar:?]
	at com.neovisionaries.ws.client.WebSocketThread.run(WebSocketThread.java:45) [nv-websocket-client-2.14.jar:?]
[17:15:44] [JDA MainWS-ReadThread/ERROR]: One of the EventListeners had an uncaught exception
java.lang.NoSuchMethodError: 'void org.yaml.snakeyaml.DumperOptions.setProcessComments(boolean)'
	at org.bspfsystems.yamlconfiguration.file.YamlConfiguration.saveToString(YamlConfiguration.java:135) ~[yamlconfiguration-1.2.0.jar:?]
	at org.bspfsystems.yamlconfiguration.file.FileConfiguration.save(FileConfiguration.java:97) ~[yamlconfiguration-1.2.0.jar:?]
	at LevelListener.onMessageReceived(LevelListener.java:77) ~[classes/:?]
	at net.dv8tion.jda.api.hooks.ListenerAdapter.onEvent(ListenerAdapter.java:361) ~[JDA-5.0.0-alpha.12.jar:5.0.0-alpha.12]
	at net.dv8tion.jda.api.hooks.InterfacedEventManager.handle(InterfacedEventManager.java:96) [JDA-5.0.0-alpha.12.jar:5.0.0-alpha.12]
	at net.dv8tion.jda.internal.hooks.EventManagerProxy.handleInternally(EventManagerProxy.java:88) [JDA-5.0.0-alpha.12.jar:5.0.0-alpha.12]
	at net.dv8tion.jda.internal.hooks.EventManagerProxy.handle(EventManagerProxy.java:70) [JDA-5.0.0-alpha.12.jar:5.0.0-alpha.12]
	at net.dv8tion.jda.internal.JDAImpl.handleEvent(JDAImpl.java:164) [JDA-5.0.0-alpha.12.jar:5.0.0-alpha.12]
	at net.dv8tion.jda.internal.handle.MessageCreateHandler.handleInternally(MessageCreateHandler.java:127) [JDA-5.0.0-alpha.12.jar:5.0.0-alpha.12]
	at net.dv8tion.jda.internal.handle.SocketHandler.handle(SocketHandler.java:36) [JDA-5.0.0-alpha.12.jar:5.0.0-alpha.12]
	at net.dv8tion.jda.internal.requests.WebSocketClient.onDispatch(WebSocketClient.java:957) [JDA-5.0.0-alpha.12.jar:5.0.0-alpha.12]
	at net.dv8tion.jda.internal.requests.WebSocketClient.onEvent(WebSocketClient.java:844) [JDA-5.0.0-alpha.12.jar:5.0.0-alpha.12]
	at net.dv8tion.jda.internal.requests.WebSocketClient.handleEvent(WebSocketClient.java:822) [JDA-5.0.0-alpha.12.jar:5.0.0-alpha.12]
	at net.dv8tion.jda.internal.requests.WebSocketClient.onBinaryMessage(WebSocketClient.java:996) [JDA-5.0.0-alpha.12.jar:5.0.0-alpha.12]
	at com.neovisionaries.ws.client.ListenerManager.callOnBinaryMessage(ListenerManager.java:385) [nv-websocket-client-2.14.jar:?]
	at com.neovisionaries.ws.client.ReadingThread.callOnBinaryMessage(ReadingThread.java:276) [nv-websocket-client-2.14.jar:?]
	at com.neovisionaries.ws.client.ReadingThread.handleBinaryFrame(ReadingThread.java:996) [nv-websocket-client-2.14.jar:?]
	at com.neovisionaries.ws.client.ReadingThread.handleFrame(ReadingThread.java:755) [nv-websocket-client-2.14.jar:?]
	at com.neovisionaries.ws.client.ReadingThread.main(ReadingThread.java:108) [nv-websocket-client-2.14.jar:?]
	at com.neovisionaries.ws.client.ReadingThread.runMain(ReadingThread.java:64) [nv-websocket-client-2.14.jar:?]
	at com.neovisionaries.ws.client.WebSocketThread.run(WebSocketThread.java:45) [nv-websocket-client-2.14.jar:?]
[17:15:46] [JDA MainWS-ReadThread/ERROR]: One of the EventListeners had an uncaught exception
java.lang.NoSuchMethodError: 'void org.yaml.snakeyaml.DumperOptions.setProcessComments(boolean)'
	at org.bspfsystems.yamlconfiguration.file.YamlConfiguration.saveToString(YamlConfiguration.java:135) ~[yamlconfiguration-1.2.0.jar:?]
	at org.bspfsystems.yamlconfiguration.file.FileConfiguration.save(FileConfiguration.java:97) ~[yamlconfiguration-1.2.0.jar:?]
	at LevelListener.onMessageReceived(LevelListener.java:77) ~[classes/:?]
	at net.dv8tion.jda.api.hooks.ListenerAdapter.onEvent(ListenerAdapter.java:361) ~[JDA-5.0.0-alpha.12.jar:5.0.0-alpha.12]
	at net.dv8tion.jda.api.hooks.InterfacedEventManager.handle(InterfacedEventManager.java:96) [JDA-5.0.0-alpha.12.jar:5.0.0-alpha.12]
	at net.dv8tion.jda.internal.hooks.EventManagerProxy.handleInternally(EventManagerProxy.java:88) [JDA-5.0.0-alpha.12.jar:5.0.0-alpha.12]
	at net.dv8tion.jda.internal.hooks.EventManagerProxy.handle(EventManagerProxy.java:70) [JDA-5.0.0-alpha.12.jar:5.0.0-alpha.12]
	at net.dv8tion.jda.internal.JDAImpl.handleEvent(JDAImpl.java:164) [JDA-5.0.0-alpha.12.jar:5.0.0-alpha.12]
	at net.dv8tion.jda.internal.handle.MessageCreateHandler.handleInternally(MessageCreateHandler.java:127) [JDA-5.0.0-alpha.12.jar:5.0.0-alpha.12]
	at net.dv8tion.jda.internal.handle.SocketHandler.handle(SocketHandler.java:36) [JDA-5.0.0-alpha.12.jar:5.0.0-alpha.12]
	at net.dv8tion.jda.internal.requests.WebSocketClient.onDispatch(WebSocketClient.java:957) [JDA-5.0.0-alpha.12.jar:5.0.0-alpha.12]
	at net.dv8tion.jda.internal.requests.WebSocketClient.onEvent(WebSocketClient.java:844) [JDA-5.0.0-alpha.12.jar:5.0.0-alpha.12]
	at net.dv8tion.jda.internal.requests.WebSocketClient.handleEvent(WebSocketClient.java:822) [JDA-5.0.0-alpha.12.jar:5.0.0-alpha.12]
	at net.dv8tion.jda.internal.requests.WebSocketClient.onBinaryMessage(WebSocketClient.java:996) [JDA-5.0.0-alpha.12.jar:5.0.0-alpha.12]
	at com.neovisionaries.ws.client.ListenerManager.callOnBinaryMessage(ListenerManager.java:385) [nv-websocket-client-2.14.jar:?]
	at com.neovisionaries.ws.client.ReadingThread.callOnBinaryMessage(ReadingThread.java:276) [nv-websocket-client-2.14.jar:?]
	at com.neovisionaries.ws.client.ReadingThread.handleBinaryFrame(ReadingThread.java:996) [nv-websocket-client-2.14.jar:?]
	at com.neovisionaries.ws.client.ReadingThread.handleFrame(ReadingThread.java:755) [nv-websocket-client-2.14.jar:?]
	at com.neovisionaries.ws.client.ReadingThread.main(ReadingThread.java:108) [nv-websocket-client-2.14.jar:?]
	at com.neovisionaries.ws.client.ReadingThread.runMain(ReadingThread.java:64) [nv-websocket-client-2.14.jar:?]
	at com.neovisionaries.ws.client.WebSocketThread.run(WebSocketThread.java:45) [nv-websocket-client-2.14.jar:?]
[17:15:48] [JDA MainWS-ReadThread/ERROR]: One of the EventListeners had an uncaught exception
java.lang.NoSuchMethodError: 'void org.yaml.snakeyaml.DumperOptions.setProcessComments(boolean)'
	at org.bspfsystems.yamlconfiguration.file.YamlConfiguration.saveToString(YamlConfiguration.java:135) ~[yamlconfiguration-1.2.0.jar:?]
	at org.bspfsystems.yamlconfiguration.file.FileConfiguration.save(FileConfiguration.java:97) ~[yamlconfiguration-1.2.0.jar:?]
	at LevelListener.onMessageReceived(LevelListener.java:77) ~[classes/:?]
	at net.dv8tion.jda.api.hooks.ListenerAdapter.onEvent(ListenerAdapter.java:361) ~[JDA-5.0.0-alpha.12.jar:5.0.0-alpha.12]
	at net.dv8tion.jda.api.hooks.InterfacedEventManager.handle(InterfacedEventManager.java:96) [JDA-5.0.0-alpha.12.jar:5.0.0-alpha.12]
	at net.dv8tion.jda.internal.hooks.EventManagerProxy.handleInternally(EventManagerProxy.java:88) [JDA-5.0.0-alpha.12.jar:5.0.0-alpha.12]
	at net.dv8tion.jda.internal.hooks.EventManagerProxy.handle(EventManagerProxy.java:70) [JDA-5.0.0-alpha.12.jar:5.0.0-alpha.12]
	at net.dv8tion.jda.internal.JDAImpl.handleEvent(JDAImpl.java:164) [JDA-5.0.0-alpha.12.jar:5.0.0-alpha.12]
	at net.dv8tion.jda.internal.handle.MessageCreateHandler.handleInternally(MessageCreateHandler.java:127) [JDA-5.0.0-alpha.12.jar:5.0.0-alpha.12]
	at net.dv8tion.jda.internal.handle.SocketHandler.handle(SocketHandler.java:36) [JDA-5.0.0-alpha.12.jar:5.0.0-alpha.12]
	at net.dv8tion.jda.internal.requests.WebSocketClient.onDispatch(WebSocketClient.java:957) [JDA-5.0.0-alpha.12.jar:5.0.0-alpha.12]
	at net.dv8tion.jda.internal.requests.WebSocketClient.onEvent(WebSocketClient.java:844) [JDA-5.0.0-alpha.12.jar:5.0.0-alpha.12]
	at net.dv8tion.jda.internal.requests.WebSocketClient.handleEvent(WebSocketClient.java:822) [JDA-5.0.0-alpha.12.jar:5.0.0-alpha.12]
	at net.dv8tion.jda.internal.requests.WebSocketClient.onBinaryMessage(WebSocketClient.java:996) [JDA-5.0.0-alpha.12.jar:5.0.0-alpha.12]
	at com.neovisionaries.ws.client.ListenerManager.callOnBinaryMessage(ListenerManager.java:385) [nv-websocket-client-2.14.jar:?]
	at com.neovisionaries.ws.client.ReadingThread.callOnBinaryMessage(ReadingThread.java:276) [nv-websocket-client-2.14.jar:?]
	at com.neovisionaries.ws.client.ReadingThread.handleBinaryFrame(ReadingThread.java:996) [nv-websocket-client-2.14.jar:?]
	at com.neovisionaries.ws.client.ReadingThread.handleFrame(ReadingThread.java:755) [nv-websocket-client-2.14.jar:?]
	at com.neovisionaries.ws.client.ReadingThread.main(ReadingThread.java:108) [nv-websocket-client-2.14.jar:?]
	at com.neovisionaries.ws.client.ReadingThread.runMain(ReadingThread.java:64) [nv-websocket-client-2.14.jar:?]
	at com.neovisionaries.ws.client.WebSocketThread.run(WebSocketThread.java:45) [nv-websocket-client-2.14.jar:?]
[17:15:53] [JDA MainWS-ReadThread/ERROR]: One of the EventListeners had an uncaught exception
java.lang.NoSuchMethodError: 'void org.yaml.snakeyaml.DumperOptions.setProcessComments(boolean)'
	at org.bspfsystems.yamlconfiguration.file.YamlConfiguration.saveToString(YamlConfiguration.java:135) ~[yamlconfiguration-1.2.0.jar:?]
	at org.bspfsystems.yamlconfiguration.file.FileConfiguration.save(FileConfiguration.java:97) ~[yamlconfiguration-1.2.0.jar:?]
	at LevelListener.onMessageReceived(LevelListener.java:77) ~[classes/:?]
	at net.dv8tion.jda.api.hooks.ListenerAdapter.onEvent(ListenerAdapter.java:361) ~[JDA-5.0.0-alpha.12.jar:5.0.0-alpha.12]
	at net.dv8tion.jda.api.hooks.InterfacedEventManager.handle(InterfacedEventManager.java:96) [JDA-5.0.0-alpha.12.jar:5.0.0-alpha.12]
	at net.dv8tion.jda.internal.hooks.EventManagerProxy.handleInternally(EventManagerProxy.java:88) [JDA-5.0.0-alpha.12.jar:5.0.0-alpha.12]
	at net.dv8tion.jda.internal.hooks.EventManagerProxy.handle(EventManagerProxy.java:70) [JDA-5.0.0-alpha.12.jar:5.0.0-alpha.12]
	at net.dv8tion.jda.internal.JDAImpl.handleEvent(JDAImpl.java:164) [JDA-5.0.0-alpha.12.jar:5.0.0-alpha.12]
	at net.dv8tion.jda.internal.handle.MessageCreateHandler.handleInternally(MessageCreateHandler.java:127) [JDA-5.0.0-alpha.12.jar:5.0.0-alpha.12]
	at net.dv8tion.jda.internal.handle.SocketHandler.handle(SocketHandler.java:36) [JDA-5.0.0-alpha.12.jar:5.0.0-alpha.12]
	at net.dv8tion.jda.internal.requests.WebSocketClient.onDispatch(WebSocketClient.java:957) [JDA-5.0.0-alpha.12.jar:5.0.0-alpha.12]
	at net.dv8tion.jda.internal.requests.WebSocketClient.onEvent(WebSocketClient.java:844) [JDA-5.0.0-alpha.12.jar:5.0.0-alpha.12]
	at net.dv8tion.jda.internal.requests.WebSocketClient.handleEvent(WebSocketClient.java:822) [JDA-5.0.0-alpha.12.jar:5.0.0-alpha.12]
	at net.dv8tion.jda.internal.requests.WebSocketClient.onBinaryMessage(WebSocketClient.java:996) [JDA-5.0.0-alpha.12.jar:5.0.0-alpha.12]
	at com.neovisionaries.ws.client.ListenerManager.callOnBinaryMessage(ListenerManager.java:385) [nv-websocket-client-2.14.jar:?]
	at com.neovisionaries.ws.client.ReadingThread.callOnBinaryMessage(ReadingThread.java:276) [nv-websocket-client-2.14.jar:?]
	at com.neovisionaries.ws.client.ReadingThread.handleBinaryFrame(ReadingThread.java:996) [nv-websocket-client-2.14.jar:?]
	at com.neovisionaries.ws.client.ReadingThread.handleFrame(ReadingThread.java:755) [nv-websocket-client-2.14.jar:?]
	at com.neovisionaries.ws.client.ReadingThread.main(ReadingThread.java:108) [nv-websocket-client-2.14.jar:?]
	at com.neovisionaries.ws.client.ReadingThread.runMain(ReadingThread.java:64) [nv-websocket-client-2.14.jar:?]
	at com.neovisionaries.ws.client.WebSocketThread.run(WebSocketThread.java:45) [nv-websocket-client-2.14.jar:?]
[17:15:53] [JDA MainWS-ReadThread/ERROR]: One of the EventListeners had an uncaught exception
java.lang.NoSuchMethodError: 'void org.yaml.snakeyaml.DumperOptions.setProcessComments(boolean)'
	at org.bspfsystems.yamlconfiguration.file.YamlConfiguration.saveToString(YamlConfiguration.java:135) ~[yamlconfiguration-1.2.0.jar:?]
	at org.bspfsystems.yamlconfiguration.file.FileConfiguration.save(FileConfiguration.java:97) ~[yamlconfiguration-1.2.0.jar:?]
	at LevelListener.onMessageReceived(LevelListener.java:77) ~[classes/:?]
	at net.dv8tion.jda.api.hooks.ListenerAdapter.onEvent(ListenerAdapter.java:361) ~[JDA-5.0.0-alpha.12.jar:5.0.0-alpha.12]
	at net.dv8tion.jda.api.hooks.InterfacedEventManager.handle(InterfacedEventManager.java:96) [JDA-5.0.0-alpha.12.jar:5.0.0-alpha.12]
	at net.dv8tion.jda.internal.hooks.EventManagerProxy.handleInternally(EventManagerProxy.java:88) [JDA-5.0.0-alpha.12.jar:5.0.0-alpha.12]
	at net.dv8tion.jda.internal.hooks.EventManagerProxy.handle(EventManagerProxy.java:70) [JDA-5.0.0-alpha.12.jar:5.0.0-alpha.12]
	at net.dv8tion.jda.internal.JDAImpl.handleEvent(JDAImpl.java:164) [JDA-5.0.0-alpha.12.jar:5.0.0-alpha.12]
	at net.dv8tion.jda.internal.handle.MessageCreateHandler.handleInternally(MessageCreateHandler.java:127) [JDA-5.0.0-alpha.12.jar:5.0.0-alpha.12]
	at net.dv8tion.jda.internal.handle.SocketHandler.handle(SocketHandler.java:36) [JDA-5.0.0-alpha.12.jar:5.0.0-alpha.12]
	at net.dv8tion.jda.internal.requests.WebSocketClient.onDispatch(WebSocketClient.java:957) [JDA-5.0.0-alpha.12.jar:5.0.0-alpha.12]
	at net.dv8tion.jda.internal.requests.WebSocketClient.onEvent(WebSocketClient.java:844) [JDA-5.0.0-alpha.12.jar:5.0.0-alpha.12]
	at net.dv8tion.jda.internal.requests.WebSocketClient.handleEvent(WebSocketClient.java:822) [JDA-5.0.0-alpha.12.jar:5.0.0-alpha.12]
	at net.dv8tion.jda.internal.requests.WebSocketClient.onBinaryMessage(WebSocketClient.java:996) [JDA-5.0.0-alpha.12.jar:5.0.0-alpha.12]
	at com.neovisionaries.ws.client.ListenerManager.callOnBinaryMessage(ListenerManager.java:385) [nv-websocket-client-2.14.jar:?]
	at com.neovisionaries.ws.client.ReadingThread.callOnBinaryMessage(ReadingThread.java:276) [nv-websocket-client-2.14.jar:?]
	at com.neovisionaries.ws.client.ReadingThread.handleBinaryFrame(ReadingThread.java:996) [nv-websocket-client-2.14.jar:?]
	at com.neovisionaries.ws.client.ReadingThread.handleFrame(ReadingThread.java:755) [nv-websocket-client-2.14.jar:?]
	at com.neovisionaries.ws.client.ReadingThread.main(ReadingThread.java:108) [nv-websocket-client-2.14.jar:?]
	at com.neovisionaries.ws.client.ReadingThread.runMain(ReadingThread.java:64) [nv-websocket-client-2.14.jar:?]
	at com.neovisionaries.ws.client.WebSocketThread.run(WebSocketThread.java:45) [nv-websocket-client-2.14.jar:?]
[17:15:57] [JDA MainWS-ReadThread/ERROR]: One of the EventListeners had an uncaught exception
java.lang.NoSuchMethodError: 'void org.yaml.snakeyaml.DumperOptions.setProcessComments(boolean)'
	at org.bspfsystems.yamlconfiguration.file.YamlConfiguration.saveToString(YamlConfiguration.java:135) ~[yamlconfiguration-1.2.0.jar:?]
	at org.bspfsystems.yamlconfiguration.file.FileConfiguration.save(FileConfiguration.java:97) ~[yamlconfiguration-1.2.0.jar:?]
	at LevelListener.onMessageReceived(LevelListener.java:77) ~[classes/:?]
	at net.dv8tion.jda.api.hooks.ListenerAdapter.onEvent(ListenerAdapter.java:361) ~[JDA-5.0.0-alpha.12.jar:5.0.0-alpha.12]
	at net.dv8tion.jda.api.hooks.InterfacedEventManager.handle(InterfacedEventManager.java:96) [JDA-5.0.0-alpha.12.jar:5.0.0-alpha.12]
	at net.dv8tion.jda.internal.hooks.EventManagerProxy.handleInternally(EventManagerProxy.java:88) [JDA-5.0.0-alpha.12.jar:5.0.0-alpha.12]
	at net.dv8tion.jda.internal.hooks.EventManagerProxy.handle(EventManagerProxy.java:70) [JDA-5.0.0-alpha.12.jar:5.0.0-alpha.12]
	at net.dv8tion.jda.internal.JDAImpl.handleEvent(JDAImpl.java:164) [JDA-5.0.0-alpha.12.jar:5.0.0-alpha.12]
	at net.dv8tion.jda.internal.handle.MessageCreateHandler.handleInternally(MessageCreateHandler.java:127) [JDA-5.0.0-alpha.12.jar:5.0.0-alpha.12]
	at net.dv8tion.jda.internal.handle.SocketHandler.handle(SocketHandler.java:36) [JDA-5.0.0-alpha.12.jar:5.0.0-alpha.12]
	at net.dv8tion.jda.internal.requests.WebSocketClient.onDispatch(WebSocketClient.java:957) [JDA-5.0.0-alpha.12.jar:5.0.0-alpha.12]
	at net.dv8tion.jda.internal.requests.WebSocketClient.onEvent(WebSocketClient.java:844) [JDA-5.0.0-alpha.12.jar:5.0.0-alpha.12]
	at net.dv8tion.jda.internal.requests.WebSocketClient.handleEvent(WebSocketClient.java:822) [JDA-5.0.0-alpha.12.jar:5.0.0-alpha.12]
	at net.dv8tion.jda.internal.requests.WebSocketClient.onBinaryMessage(WebSocketClient.java:996) [JDA-5.0.0-alpha.12.jar:5.0.0-alpha.12]
	at com.neovisionaries.ws.client.ListenerManager.callOnBinaryMessage(ListenerManager.java:385) [nv-websocket-client-2.14.jar:?]
	at com.neovisionaries.ws.client.ReadingThread.callOnBinaryMessage(ReadingThread.java:276) [nv-websocket-client-2.14.jar:?]
	at com.neovisionaries.ws.client.ReadingThread.handleBinaryFrame(ReadingThread.java:996) [nv-websocket-client-2.14.jar:?]
	at com.neovisionaries.ws.client.ReadingThread.handleFrame(ReadingThread.java:755) [nv-websocket-client-2.14.jar:?]
	at com.neovisionaries.ws.client.ReadingThread.main(ReadingThread.java:108) [nv-websocket-client-2.14.jar:?]
	at com.neovisionaries.ws.client.ReadingThread.runMain(ReadingThread.java:64) [nv-websocket-client-2.14.jar:?]
	at com.neovisionaries.ws.client.WebSocketThread.run(WebSocketThread.java:45) [nv-websocket-client-2.14.jar:?]
[17:15:58] [JDA MainWS-ReadThread/ERROR]: One of the EventListeners had an uncaught exception
java.lang.NoSuchMethodError: 'void org.yaml.snakeyaml.DumperOptions.setProcessComments(boolean)'
	at org.bspfsystems.yamlconfiguration.file.YamlConfiguration.saveToString(YamlConfiguration.java:135) ~[yamlconfiguration-1.2.0.jar:?]
	at org.bspfsystems.yamlconfiguration.file.FileConfiguration.save(FileConfiguration.java:97) ~[yamlconfiguration-1.2.0.jar:?]
	at LevelListener.onMessageReceived(LevelListener.java:77) ~[classes/:?]
	at net.dv8tion.jda.api.hooks.ListenerAdapter.onEvent(ListenerAdapter.java:361) ~[JDA-5.0.0-alpha.12.jar:5.0.0-alpha.12]
	at net.dv8tion.jda.api.hooks.InterfacedEventManager.handle(InterfacedEventManager.java:96) [JDA-5.0.0-alpha.12.jar:5.0.0-alpha.12]
	at net.dv8tion.jda.internal.hooks.EventManagerProxy.handleInternally(EventManagerProxy.java:88) [JDA-5.0.0-alpha.12.jar:5.0.0-alpha.12]
	at net.dv8tion.jda.internal.hooks.EventManagerProxy.handle(EventManagerProxy.java:70) [JDA-5.0.0-alpha.12.jar:5.0.0-alpha.12]
	at net.dv8tion.jda.internal.JDAImpl.handleEvent(JDAImpl.java:164) [JDA-5.0.0-alpha.12.jar:5.0.0-alpha.12]
	at net.dv8tion.jda.internal.handle.MessageCreateHandler.handleInternally(MessageCreateHandler.java:127) [JDA-5.0.0-alpha.12.jar:5.0.0-alpha.12]
	at net.dv8tion.jda.internal.handle.SocketHandler.handle(SocketHandler.java:36) [JDA-5.0.0-alpha.12.jar:5.0.0-alpha.12]
	at net.dv8tion.jda.internal.requests.WebSocketClient.onDispatch(WebSocketClient.java:957) [JDA-5.0.0-alpha.12.jar:5.0.0-alpha.12]
	at net.dv8tion.jda.internal.requests.WebSocketClient.onEvent(WebSocketClient.java:844) [JDA-5.0.0-alpha.12.jar:5.0.0-alpha.12]
	at net.dv8tion.jda.internal.requests.WebSocketClient.handleEvent(WebSocketClient.java:822) [JDA-5.0.0-alpha.12.jar:5.0.0-alpha.12]
	at net.dv8tion.jda.internal.requests.WebSocketClient.onBinaryMessage(WebSocketClient.java:996) [JDA-5.0.0-alpha.12.jar:5.0.0-alpha.12]
	at com.neovisionaries.ws.client.ListenerManager.callOnBinaryMessage(ListenerManager.java:385) [nv-websocket-client-2.14.jar:?]
	at com.neovisionaries.ws.client.ReadingThread.callOnBinaryMessage(ReadingThread.java:276) [nv-websocket-client-2.14.jar:?]
	at com.neovisionaries.ws.client.ReadingThread.handleBinaryFrame(ReadingThread.java:996) [nv-websocket-client-2.14.jar:?]
	at com.neovisionaries.ws.client.ReadingThread.handleFrame(ReadingThread.java:755) [nv-websocket-client-2.14.jar:?]
	at com.neovisionaries.ws.client.ReadingThread.main(ReadingThread.java:108) [nv-websocket-client-2.14.jar:?]
	at com.neovisionaries.ws.client.ReadingThread.runMain(ReadingThread.java:64) [nv-websocket-client-2.14.jar:?]
	at com.neovisionaries.ws.client.WebSocketThread.run(WebSocketThread.java:45) [nv-websocket-client-2.14.jar:?]
[17:16:00] [JDA MainWS-ReadThread/ERROR]: One of the EventListeners had an uncaught exception
java.lang.NoSuchMethodError: 'void org.yaml.snakeyaml.DumperOptions.setProcessComments(boolean)'
	at org.bspfsystems.yamlconfiguration.file.YamlConfiguration.saveToString(YamlConfiguration.java:135) ~[yamlconfiguration-1.2.0.jar:?]
	at org.bspfsystems.yamlconfiguration.file.FileConfiguration.save(FileConfiguration.java:97) ~[yamlconfiguration-1.2.0.jar:?]
	at LevelListener.onMessageReceived(LevelListener.java:77) ~[classes/:?]
	at net.dv8tion.jda.api.hooks.ListenerAdapter.onEvent(ListenerAdapter.java:361) ~[JDA-5.0.0-alpha.12.jar:5.0.0-alpha.12]
	at net.dv8tion.jda.api.hooks.InterfacedEventManager.handle(InterfacedEventManager.java:96) [JDA-5.0.0-alpha.12.jar:5.0.0-alpha.12]
	at net.dv8tion.jda.internal.hooks.EventManagerProxy.handleInternally(EventManagerProxy.java:88) [JDA-5.0.0-alpha.12.jar:5.0.0-alpha.12]
	at net.dv8tion.jda.internal.hooks.EventManagerProxy.handle(EventManagerProxy.java:70) [JDA-5.0.0-alpha.12.jar:5.0.0-alpha.12]
	at net.dv8tion.jda.internal.JDAImpl.handleEvent(JDAImpl.java:164) [JDA-5.0.0-alpha.12.jar:5.0.0-alpha.12]
	at net.dv8tion.jda.internal.handle.MessageCreateHandler.handleInternally(MessageCreateHandler.java:127) [JDA-5.0.0-alpha.12.jar:5.0.0-alpha.12]
	at net.dv8tion.jda.internal.handle.SocketHandler.handle(SocketHandler.java:36) [JDA-5.0.0-alpha.12.jar:5.0.0-alpha.12]
	at net.dv8tion.jda.internal.requests.WebSocketClient.onDispatch(WebSocketClient.java:957) [JDA-5.0.0-alpha.12.jar:5.0.0-alpha.12]
	at net.dv8tion.jda.internal.requests.WebSocketClient.onEvent(WebSocketClient.java:844) [JDA-5.0.0-alpha.12.jar:5.0.0-alpha.12]
	at net.dv8tion.jda.internal.requests.WebSocketClient.handleEvent(WebSocketClient.java:822) [JDA-5.0.0-alpha.12.jar:5.0.0-alpha.12]
	at net.dv8tion.jda.internal.requests.WebSocketClient.onBinaryMessage(WebSocketClient.java:996) [JDA-5.0.0-alpha.12.jar:5.0.0-alpha.12]
	at com.neovisionaries.ws.client.ListenerManager.callOnBinaryMessage(ListenerManager.java:385) [nv-websocket-client-2.14.jar:?]
	at com.neovisionaries.ws.client.ReadingThread.callOnBinaryMessage(ReadingThread.java:276) [nv-websocket-client-2.14.jar:?]
	at com.neovisionaries.ws.client.ReadingThread.handleBinaryFrame(ReadingThread.java:996) [nv-websocket-client-2.14.jar:?]
	at com.neovisionaries.ws.client.ReadingThread.handleFrame(ReadingThread.java:755) [nv-websocket-client-2.14.jar:?]
	at com.neovisionaries.ws.client.ReadingThread.main(ReadingThread.java:108) [nv-websocket-client-2.14.jar:?]
	at com.neovisionaries.ws.client.ReadingThread.runMain(ReadingThread.java:64) [nv-websocket-client-2.14.jar:?]
	at com.neovisionaries.ws.client.WebSocketThread.run(WebSocketThread.java:45) [nv-websocket-client-2.14.jar:?]
[17:17:16] [JDA MainWS-ReadThread/ERROR]: One of the EventListeners had an uncaught exception
java.lang.NoSuchMethodError: 'void org.yaml.snakeyaml.DumperOptions.setProcessComments(boolean)'
	at org.bspfsystems.yamlconfiguration.file.YamlConfiguration.saveToString(YamlConfiguration.java:135) ~[yamlconfiguration-1.2.0.jar:?]
	at org.bspfsystems.yamlconfiguration.file.FileConfiguration.save(FileConfiguration.java:97) ~[yamlconfiguration-1.2.0.jar:?]
	at GiveawayBedingungListener.onMessageReceived(GiveawayBedingungListener.java:55) ~[classes/:?]
	at net.dv8tion.jda.api.hooks.ListenerAdapter.onEvent(ListenerAdapter.java:361) ~[JDA-5.0.0-alpha.12.jar:5.0.0-alpha.12]
	at net.dv8tion.jda.api.hooks.InterfacedEventManager.handle(InterfacedEventManager.java:96) [JDA-5.0.0-alpha.12.jar:5.0.0-alpha.12]
	at net.dv8tion.jda.internal.hooks.EventManagerProxy.handleInternally(EventManagerProxy.java:88) [JDA-5.0.0-alpha.12.jar:5.0.0-alpha.12]
	at net.dv8tion.jda.internal.hooks.EventManagerProxy.handle(EventManagerProxy.java:70) [JDA-5.0.0-alpha.12.jar:5.0.0-alpha.12]
	at net.dv8tion.jda.internal.JDAImpl.handleEvent(JDAImpl.java:164) [JDA-5.0.0-alpha.12.jar:5.0.0-alpha.12]
	at net.dv8tion.jda.internal.handle.MessageCreateHandler.handleInternally(MessageCreateHandler.java:127) [JDA-5.0.0-alpha.12.jar:5.0.0-alpha.12]
	at net.dv8tion.jda.internal.handle.SocketHandler.handle(SocketHandler.java:36) [JDA-5.0.0-alpha.12.jar:5.0.0-alpha.12]
	at net.dv8tion.jda.internal.requests.WebSocketClient.onDispatch(WebSocketClient.java:957) [JDA-5.0.0-alpha.12.jar:5.0.0-alpha.12]
	at net.dv8tion.jda.internal.requests.WebSocketClient.onEvent(WebSocketClient.java:844) [JDA-5.0.0-alpha.12.jar:5.0.0-alpha.12]
	at net.dv8tion.jda.internal.requests.WebSocketClient.handleEvent(WebSocketClient.java:822) [JDA-5.0.0-alpha.12.jar:5.0.0-alpha.12]
	at net.dv8tion.jda.internal.requests.WebSocketClient.onBinaryMessage(WebSocketClient.java:996) [JDA-5.0.0-alpha.12.jar:5.0.0-alpha.12]
	at com.neovisionaries.ws.client.ListenerManager.callOnBinaryMessage(ListenerManager.java:385) [nv-websocket-client-2.14.jar:?]
	at com.neovisionaries.ws.client.ReadingThread.callOnBinaryMessage(ReadingThread.java:276) [nv-websocket-client-2.14.jar:?]
	at com.neovisionaries.ws.client.ReadingThread.handleBinaryFrame(ReadingThread.java:996) [nv-websocket-client-2.14.jar:?]
	at com.neovisionaries.ws.client.ReadingThread.handleFrame(ReadingThread.java:755) [nv-websocket-client-2.14.jar:?]
	at com.neovisionaries.ws.client.ReadingThread.main(ReadingThread.java:108) [nv-websocket-client-2.14.jar:?]
	at com.neovisionaries.ws.client.ReadingThread.runMain(ReadingThread.java:64) [nv-websocket-client-2.14.jar:?]
	at com.neovisionaries.ws.client.WebSocketThread.run(WebSocketThread.java:45) [nv-websocket-client-2.14.jar:?]
[17:17:16] [JDA MainWS-ReadThread/ERROR]: One of the EventListeners had an uncaught exception
java.lang.NoSuchMethodError: 'void org.yaml.snakeyaml.DumperOptions.setProcessComments(boolean)'
	at org.bspfsystems.yamlconfiguration.file.YamlConfiguration.saveToString(YamlConfiguration.java:135) ~[yamlconfiguration-1.2.0.jar:?]
	at org.bspfsystems.yamlconfiguration.file.FileConfiguration.save(FileConfiguration.java:97) ~[yamlconfiguration-1.2.0.jar:?]
	at GiveawayBedingungListener.onMessageReceived(GiveawayBedingungListener.java:55) ~[classes/:?]
	at net.dv8tion.jda.api.hooks.ListenerAdapter.onEvent(ListenerAdapter.java:361) ~[JDA-5.0.0-alpha.12.jar:5.0.0-alpha.12]
	at net.dv8tion.jda.api.hooks.InterfacedEventManager.handle(InterfacedEventManager.java:96) [JDA-5.0.0-alpha.12.jar:5.0.0-alpha.12]
	at net.dv8tion.jda.internal.hooks.EventManagerProxy.handleInternally(EventManagerProxy.java:88) [JDA-5.0.0-alpha.12.jar:5.0.0-alpha.12]
	at net.dv8tion.jda.internal.hooks.EventManagerProxy.handle(EventManagerProxy.java:70) [JDA-5.0.0-alpha.12.jar:5.0.0-alpha.12]
	at net.dv8tion.jda.internal.JDAImpl.handleEvent(JDAImpl.java:164) [JDA-5.0.0-alpha.12.jar:5.0.0-alpha.12]
	at net.dv8tion.jda.internal.handle.MessageCreateHandler.handleInternally(MessageCreateHandler.java:127) [JDA-5.0.0-alpha.12.jar:5.0.0-alpha.12]
	at net.dv8tion.jda.internal.handle.SocketHandler.handle(SocketHandler.java:36) [JDA-5.0.0-alpha.12.jar:5.0.0-alpha.12]
	at net.dv8tion.jda.internal.requests.WebSocketClient.onDispatch(WebSocketClient.java:957) [JDA-5.0.0-alpha.12.jar:5.0.0-alpha.12]
	at net.dv8tion.jda.internal.requests.WebSocketClient.onEvent(WebSocketClient.java:844) [JDA-5.0.0-alpha.12.jar:5.0.0-alpha.12]
	at net.dv8tion.jda.internal.requests.WebSocketClient.handleEvent(WebSocketClient.java:822) [JDA-5.0.0-alpha.12.jar:5.0.0-alpha.12]
	at net.dv8tion.jda.internal.requests.WebSocketClient.onBinaryMessage(WebSocketClient.java:996) [JDA-5.0.0-alpha.12.jar:5.0.0-alpha.12]
	at com.neovisionaries.ws.client.ListenerManager.callOnBinaryMessage(ListenerManager.java:385) [nv-websocket-client-2.14.jar:?]
	at com.neovisionaries.ws.client.ReadingThread.callOnBinaryMessage(ReadingThread.java:276) [nv-websocket-client-2.14.jar:?]
	at com.neovisionaries.ws.client.ReadingThread.handleBinaryFrame(ReadingThread.java:996) [nv-websocket-client-2.14.jar:?]
	at com.neovisionaries.ws.client.ReadingThread.handleFrame(ReadingThread.java:755) [nv-websocket-client-2.14.jar:?]
	at com.neovisionaries.ws.client.ReadingThread.main(ReadingThread.java:108) [nv-websocket-client-2.14.jar:?]
	at com.neovisionaries.ws.client.ReadingThread.runMain(ReadingThread.java:64) [nv-websocket-client-2.14.jar:?]
	at com.neovisionaries.ws.client.WebSocketThread.run(WebSocketThread.java:45) [nv-websocket-client-2.14.jar:?]
[17:17:17] [JDA MainWS-ReadThread/ERROR]: One of the EventListeners had an uncaught exception
java.lang.NoSuchMethodError: 'void org.yaml.snakeyaml.DumperOptions.setProcessComments(boolean)'
	at org.bspfsystems.yamlconfiguration.file.YamlConfiguration.saveToString(YamlConfiguration.java:135) ~[yamlconfiguration-1.2.0.jar:?]
	at org.bspfsystems.yamlconfiguration.file.FileConfiguration.save(FileConfiguration.java:97) ~[yamlconfiguration-1.2.0.jar:?]
	at GiveawayBedingungListener.onMessageReceived(GiveawayBedingungListener.java:55) ~[classes/:?]
	at net.dv8tion.jda.api.hooks.ListenerAdapter.onEvent(ListenerAdapter.java:361) ~[JDA-5.0.0-alpha.12.jar:5.0.0-alpha.12]
	at net.dv8tion.jda.api.hooks.InterfacedEventManager.handle(InterfacedEventManager.java:96) [JDA-5.0.0-alpha.12.jar:5.0.0-alpha.12]
	at net.dv8tion.jda.internal.hooks.EventManagerProxy.handleInternally(EventManagerProxy.java:88) [JDA-5.0.0-alpha.12.jar:5.0.0-alpha.12]
	at net.dv8tion.jda.internal.hooks.EventManagerProxy.handle(EventManagerProxy.java:70) [JDA-5.0.0-alpha.12.jar:5.0.0-alpha.12]
	at net.dv8tion.jda.internal.JDAImpl.handleEvent(JDAImpl.java:164) [JDA-5.0.0-alpha.12.jar:5.0.0-alpha.12]
	at net.dv8tion.jda.internal.handle.MessageCreateHandler.handleInternally(MessageCreateHandler.java:127) [JDA-5.0.0-alpha.12.jar:5.0.0-alpha.12]
	at net.dv8tion.jda.internal.handle.SocketHandler.handle(SocketHandler.java:36) [JDA-5.0.0-alpha.12.jar:5.0.0-alpha.12]
	at net.dv8tion.jda.internal.requests.WebSocketClient.onDispatch(WebSocketClient.java:957) [JDA-5.0.0-alpha.12.jar:5.0.0-alpha.12]
	at net.dv8tion.jda.internal.requests.WebSocketClient.onEvent(WebSocketClient.java:844) [JDA-5.0.0-alpha.12.jar:5.0.0-alpha.12]
	at net.dv8tion.jda.internal.requests.WebSocketClient.handleEvent(WebSocketClient.java:822) [JDA-5.0.0-alpha.12.jar:5.0.0-alpha.12]
	at net.dv8tion.jda.internal.requests.WebSocketClient.onBinaryMessage(WebSocketClient.java:996) [JDA-5.0.0-alpha.12.jar:5.0.0-alpha.12]
	at com.neovisionaries.ws.client.ListenerManager.callOnBinaryMessage(ListenerManager.java:385) [nv-websocket-client-2.14.jar:?]
	at com.neovisionaries.ws.client.ReadingThread.callOnBinaryMessage(ReadingThread.java:276) [nv-websocket-client-2.14.jar:?]
	at com.neovisionaries.ws.client.ReadingThread.handleBinaryFrame(ReadingThread.java:996) [nv-websocket-client-2.14.jar:?]
	at com.neovisionaries.ws.client.ReadingThread.handleFrame(ReadingThread.java:755) [nv-websocket-client-2.14.jar:?]
	at com.neovisionaries.ws.client.ReadingThread.main(ReadingThread.java:108) [nv-websocket-client-2.14.jar:?]
	at com.neovisionaries.ws.client.ReadingThread.runMain(ReadingThread.java:64) [nv-websocket-client-2.14.jar:?]
	at com.neovisionaries.ws.client.WebSocketThread.run(WebSocketThread.java:45) [nv-websocket-client-2.14.jar:?]
[17:17:17] [JDA MainWS-ReadThread/ERROR]: One of the EventListeners had an uncaught exception
java.lang.NoSuchMethodError: 'void org.yaml.snakeyaml.DumperOptions.setProcessComments(boolean)'
	at org.bspfsystems.yamlconfiguration.file.YamlConfiguration.saveToString(YamlConfiguration.java:135) ~[yamlconfiguration-1.2.0.jar:?]
	at org.bspfsystems.yamlconfiguration.file.FileConfiguration.save(FileConfiguration.java:97) ~[yamlconfiguration-1.2.0.jar:?]
	at GiveawayBedingungListener.onMessageReceived(GiveawayBedingungListener.java:55) ~[classes/:?]
	at net.dv8tion.jda.api.hooks.ListenerAdapter.onEvent(ListenerAdapter.java:361) ~[JDA-5.0.0-alpha.12.jar:5.0.0-alpha.12]
	at net.dv8tion.jda.api.hooks.InterfacedEventManager.handle(InterfacedEventManager.java:96) [JDA-5.0.0-alpha.12.jar:5.0.0-alpha.12]
	at net.dv8tion.jda.internal.hooks.EventManagerProxy.handleInternally(EventManagerProxy.java:88) [JDA-5.0.0-alpha.12.jar:5.0.0-alpha.12]
	at net.dv8tion.jda.internal.hooks.EventManagerProxy.handle(EventManagerProxy.java:70) [JDA-5.0.0-alpha.12.jar:5.0.0-alpha.12]
	at net.dv8tion.jda.internal.JDAImpl.handleEvent(JDAImpl.java:164) [JDA-5.0.0-alpha.12.jar:5.0.0-alpha.12]
	at net.dv8tion.jda.internal.handle.MessageCreateHandler.handleInternally(MessageCreateHandler.java:127) [JDA-5.0.0-alpha.12.jar:5.0.0-alpha.12]
	at net.dv8tion.jda.internal.handle.SocketHandler.handle(SocketHandler.java:36) [JDA-5.0.0-alpha.12.jar:5.0.0-alpha.12]
	at net.dv8tion.jda.internal.requests.WebSocketClient.onDispatch(WebSocketClient.java:957) [JDA-5.0.0-alpha.12.jar:5.0.0-alpha.12]
	at net.dv8tion.jda.internal.requests.WebSocketClient.onEvent(WebSocketClient.java:844) [JDA-5.0.0-alpha.12.jar:5.0.0-alpha.12]
	at net.dv8tion.jda.internal.requests.WebSocketClient.handleEvent(WebSocketClient.java:822) [JDA-5.0.0-alpha.12.jar:5.0.0-alpha.12]
	at net.dv8tion.jda.internal.requests.WebSocketClient.onBinaryMessage(WebSocketClient.java:996) [JDA-5.0.0-alpha.12.jar:5.0.0-alpha.12]
	at com.neovisionaries.ws.client.ListenerManager.callOnBinaryMessage(ListenerManager.java:385) [nv-websocket-client-2.14.jar:?]
	at com.neovisionaries.ws.client.ReadingThread.callOnBinaryMessage(ReadingThread.java:276) [nv-websocket-client-2.14.jar:?]
	at com.neovisionaries.ws.client.ReadingThread.handleBinaryFrame(ReadingThread.java:996) [nv-websocket-client-2.14.jar:?]
	at com.neovisionaries.ws.client.ReadingThread.handleFrame(ReadingThread.java:755) [nv-websocket-client-2.14.jar:?]
	at com.neovisionaries.ws.client.ReadingThread.main(ReadingThread.java:108) [nv-websocket-client-2.14.jar:?]
	at com.neovisionaries.ws.client.ReadingThread.runMain(ReadingThread.java:64) [nv-websocket-client-2.14.jar:?]
	at com.neovisionaries.ws.client.WebSocketThread.run(WebSocketThread.java:45) [nv-websocket-client-2.14.jar:?]
[17:17:17] [JDA MainWS-ReadThread/ERROR]: One of the EventListeners had an uncaught exception
java.lang.NoSuchMethodError: 'void org.yaml.snakeyaml.DumperOptions.setProcessComments(boolean)'
	at org.bspfsystems.yamlconfiguration.file.YamlConfiguration.saveToString(YamlConfiguration.java:135) ~[yamlconfiguration-1.2.0.jar:?]
	at org.bspfsystems.yamlconfiguration.file.FileConfiguration.save(FileConfiguration.java:97) ~[yamlconfiguration-1.2.0.jar:?]
	at GiveawayBedingungListener.onMessageReceived(GiveawayBedingungListener.java:55) ~[classes/:?]
	at net.dv8tion.jda.api.hooks.ListenerAdapter.onEvent(ListenerAdapter.java:361) ~[JDA-5.0.0-alpha.12.jar:5.0.0-alpha.12]
	at net.dv8tion.jda.api.hooks.InterfacedEventManager.handle(InterfacedEventManager.java:96) [JDA-5.0.0-alpha.12.jar:5.0.0-alpha.12]
	at net.dv8tion.jda.internal.hooks.EventManagerProxy.handleInternally(EventManagerProxy.java:88) [JDA-5.0.0-alpha.12.jar:5.0.0-alpha.12]
	at net.dv8tion.jda.internal.hooks.EventManagerProxy.handle(EventManagerProxy.java:70) [JDA-5.0.0-alpha.12.jar:5.0.0-alpha.12]
	at net.dv8tion.jda.internal.JDAImpl.handleEvent(JDAImpl.java:164) [JDA-5.0.0-alpha.12.jar:5.0.0-alpha.12]
	at net.dv8tion.jda.internal.handle.MessageCreateHandler.handleInternally(MessageCreateHandler.java:127) [JDA-5.0.0-alpha.12.jar:5.0.0-alpha.12]
	at net.dv8tion.jda.internal.handle.SocketHandler.handle(SocketHandler.java:36) [JDA-5.0.0-alpha.12.jar:5.0.0-alpha.12]
	at net.dv8tion.jda.internal.requests.WebSocketClient.onDispatch(WebSocketClient.java:957) [JDA-5.0.0-alpha.12.jar:5.0.0-alpha.12]
	at net.dv8tion.jda.internal.requests.WebSocketClient.onEvent(WebSocketClient.java:844) [JDA-5.0.0-alpha.12.jar:5.0.0-alpha.12]
	at net.dv8tion.jda.internal.requests.WebSocketClient.handleEvent(WebSocketClient.java:822) [JDA-5.0.0-alpha.12.jar:5.0.0-alpha.12]
	at net.dv8tion.jda.internal.requests.WebSocketClient.onBinaryMessage(WebSocketClient.java:996) [JDA-5.0.0-alpha.12.jar:5.0.0-alpha.12]
	at com.neovisionaries.ws.client.ListenerManager.callOnBinaryMessage(ListenerManager.java:385) [nv-websocket-client-2.14.jar:?]
	at com.neovisionaries.ws.client.ReadingThread.callOnBinaryMessage(ReadingThread.java:276) [nv-websocket-client-2.14.jar:?]
	at com.neovisionaries.ws.client.ReadingThread.handleBinaryFrame(ReadingThread.java:996) [nv-websocket-client-2.14.jar:?]
	at com.neovisionaries.ws.client.ReadingThread.handleFrame(ReadingThread.java:755) [nv-websocket-client-2.14.jar:?]
	at com.neovisionaries.ws.client.ReadingThread.main(ReadingThread.java:108) [nv-websocket-client-2.14.jar:?]
	at com.neovisionaries.ws.client.ReadingThread.runMain(ReadingThread.java:64) [nv-websocket-client-2.14.jar:?]
	at com.neovisionaries.ws.client.WebSocketThread.run(WebSocketThread.java:45) [nv-websocket-client-2.14.jar:?]
[17:17:21] [JDA MainWS-ReadThread/ERROR]: One of the EventListeners had an uncaught exception
java.lang.NoSuchMethodError: 'void org.yaml.snakeyaml.DumperOptions.setProcessComments(boolean)'
	at org.bspfsystems.yamlconfiguration.file.YamlConfiguration.saveToString(YamlConfiguration.java:135) ~[yamlconfiguration-1.2.0.jar:?]
	at org.bspfsystems.yamlconfiguration.file.FileConfiguration.save(FileConfiguration.java:97) ~[yamlconfiguration-1.2.0.jar:?]
	at GiveawayBedingungListener.onMessageReceived(GiveawayBedingungListener.java:55) ~[classes/:?]
	at net.dv8tion.jda.api.hooks.ListenerAdapter.onEvent(ListenerAdapter.java:361) ~[JDA-5.0.0-alpha.12.jar:5.0.0-alpha.12]
	at net.dv8tion.jda.api.hooks.InterfacedEventManager.handle(InterfacedEventManager.java:96) [JDA-5.0.0-alpha.12.jar:5.0.0-alpha.12]
	at net.dv8tion.jda.internal.hooks.EventManagerProxy.handleInternally(EventManagerProxy.java:88) [JDA-5.0.0-alpha.12.jar:5.0.0-alpha.12]
	at net.dv8tion.jda.internal.hooks.EventManagerProxy.handle(EventManagerProxy.java:70) [JDA-5.0.0-alpha.12.jar:5.0.0-alpha.12]
	at net.dv8tion.jda.internal.JDAImpl.handleEvent(JDAImpl.java:164) [JDA-5.0.0-alpha.12.jar:5.0.0-alpha.12]
	at net.dv8tion.jda.internal.handle.MessageCreateHandler.handleInternally(MessageCreateHandler.java:127) [JDA-5.0.0-alpha.12.jar:5.0.0-alpha.12]
	at net.dv8tion.jda.internal.handle.SocketHandler.handle(SocketHandler.java:36) [JDA-5.0.0-alpha.12.jar:5.0.0-alpha.12]
	at net.dv8tion.jda.internal.requests.WebSocketClient.onDispatch(WebSocketClient.java:957) [JDA-5.0.0-alpha.12.jar:5.0.0-alpha.12]
	at net.dv8tion.jda.internal.requests.WebSocketClient.onEvent(WebSocketClient.java:844) [JDA-5.0.0-alpha.12.jar:5.0.0-alpha.12]
	at net.dv8tion.jda.internal.requests.WebSocketClient.handleEvent(WebSocketClient.java:822) [JDA-5.0.0-alpha.12.jar:5.0.0-alpha.12]
	at net.dv8tion.jda.internal.requests.WebSocketClient.onBinaryMessage(WebSocketClient.java:996) [JDA-5.0.0-alpha.12.jar:5.0.0-alpha.12]
	at com.neovisionaries.ws.client.ListenerManager.callOnBinaryMessage(ListenerManager.java:385) [nv-websocket-client-2.14.jar:?]
	at com.neovisionaries.ws.client.ReadingThread.callOnBinaryMessage(ReadingThread.java:276) [nv-websocket-client-2.14.jar:?]
	at com.neovisionaries.ws.client.ReadingThread.handleBinaryFrame(ReadingThread.java:996) [nv-websocket-client-2.14.jar:?]
	at com.neovisionaries.ws.client.ReadingThread.handleFrame(ReadingThread.java:755) [nv-websocket-client-2.14.jar:?]
	at com.neovisionaries.ws.client.ReadingThread.main(ReadingThread.java:108) [nv-websocket-client-2.14.jar:?]
	at com.neovisionaries.ws.client.ReadingThread.runMain(ReadingThread.java:64) [nv-websocket-client-2.14.jar:?]
	at com.neovisionaries.ws.client.WebSocketThread.run(WebSocketThread.java:45) [nv-websocket-client-2.14.jar:?]
[17:17:22] [JDA MainWS-ReadThread/ERROR]: One of the EventListeners had an uncaught exception
java.lang.NoSuchMethodError: 'void org.yaml.snakeyaml.DumperOptions.setProcessComments(boolean)'
	at org.bspfsystems.yamlconfiguration.file.YamlConfiguration.saveToString(YamlConfiguration.java:135) ~[yamlconfiguration-1.2.0.jar:?]
	at org.bspfsystems.yamlconfiguration.file.FileConfiguration.save(FileConfiguration.java:97) ~[yamlconfiguration-1.2.0.jar:?]
	at GiveawayBedingungListener.onMessageReceived(GiveawayBedingungListener.java:55) ~[classes/:?]
	at net.dv8tion.jda.api.hooks.ListenerAdapter.onEvent(ListenerAdapter.java:361) ~[JDA-5.0.0-alpha.12.jar:5.0.0-alpha.12]
	at net.dv8tion.jda.api.hooks.InterfacedEventManager.handle(InterfacedEventManager.java:96) [JDA-5.0.0-alpha.12.jar:5.0.0-alpha.12]
	at net.dv8tion.jda.internal.hooks.EventManagerProxy.handleInternally(EventManagerProxy.java:88) [JDA-5.0.0-alpha.12.jar:5.0.0-alpha.12]
	at net.dv8tion.jda.internal.hooks.EventManagerProxy.handle(EventManagerProxy.java:70) [JDA-5.0.0-alpha.12.jar:5.0.0-alpha.12]
	at net.dv8tion.jda.internal.JDAImpl.handleEvent(JDAImpl.java:164) [JDA-5.0.0-alpha.12.jar:5.0.0-alpha.12]
	at net.dv8tion.jda.internal.handle.MessageCreateHandler.handleInternally(MessageCreateHandler.java:127) [JDA-5.0.0-alpha.12.jar:5.0.0-alpha.12]
	at net.dv8tion.jda.internal.handle.SocketHandler.handle(SocketHandler.java:36) [JDA-5.0.0-alpha.12.jar:5.0.0-alpha.12]
	at net.dv8tion.jda.internal.requests.WebSocketClient.onDispatch(WebSocketClient.java:957) [JDA-5.0.0-alpha.12.jar:5.0.0-alpha.12]
	at net.dv8tion.jda.internal.requests.WebSocketClient.onEvent(WebSocketClient.java:844) [JDA-5.0.0-alpha.12.jar:5.0.0-alpha.12]
	at net.dv8tion.jda.internal.requests.WebSocketClient.handleEvent(WebSocketClient.java:822) [JDA-5.0.0-alpha.12.jar:5.0.0-alpha.12]
	at net.dv8tion.jda.internal.requests.WebSocketClient.onBinaryMessage(WebSocketClient.java:996) [JDA-5.0.0-alpha.12.jar:5.0.0-alpha.12]
	at com.neovisionaries.ws.client.ListenerManager.callOnBinaryMessage(ListenerManager.java:385) [nv-websocket-client-2.14.jar:?]
	at com.neovisionaries.ws.client.ReadingThread.callOnBinaryMessage(ReadingThread.java:276) [nv-websocket-client-2.14.jar:?]
	at com.neovisionaries.ws.client.ReadingThread.handleBinaryFrame(ReadingThread.java:996) [nv-websocket-client-2.14.jar:?]
	at com.neovisionaries.ws.client.ReadingThread.handleFrame(ReadingThread.java:755) [nv-websocket-client-2.14.jar:?]
	at com.neovisionaries.ws.client.ReadingThread.main(ReadingThread.java:108) [nv-websocket-client-2.14.jar:?]
	at com.neovisionaries.ws.client.ReadingThread.runMain(ReadingThread.java:64) [nv-websocket-client-2.14.jar:?]
	at com.neovisionaries.ws.client.WebSocketThread.run(WebSocketThread.java:45) [nv-websocket-client-2.14.jar:?]
[17:17:22] [JDA MainWS-ReadThread/ERROR]: One of the EventListeners had an uncaught exception
java.lang.NoSuchMethodError: 'void org.yaml.snakeyaml.DumperOptions.setProcessComments(boolean)'
	at org.bspfsystems.yamlconfiguration.file.YamlConfiguration.saveToString(YamlConfiguration.java:135) ~[yamlconfiguration-1.2.0.jar:?]
	at org.bspfsystems.yamlconfiguration.file.FileConfiguration.save(FileConfiguration.java:97) ~[yamlconfiguration-1.2.0.jar:?]
	at GiveawayBedingungListener.onMessageReceived(GiveawayBedingungListener.java:55) ~[classes/:?]
	at net.dv8tion.jda.api.hooks.ListenerAdapter.onEvent(ListenerAdapter.java:361) ~[JDA-5.0.0-alpha.12.jar:5.0.0-alpha.12]
	at net.dv8tion.jda.api.hooks.InterfacedEventManager.handle(InterfacedEventManager.java:96) [JDA-5.0.0-alpha.12.jar:5.0.0-alpha.12]
	at net.dv8tion.jda.internal.hooks.EventManagerProxy.handleInternally(EventManagerProxy.java:88) [JDA-5.0.0-alpha.12.jar:5.0.0-alpha.12]
	at net.dv8tion.jda.internal.hooks.EventManagerProxy.handle(EventManagerProxy.java:70) [JDA-5.0.0-alpha.12.jar:5.0.0-alpha.12]
	at net.dv8tion.jda.internal.JDAImpl.handleEvent(JDAImpl.java:164) [JDA-5.0.0-alpha.12.jar:5.0.0-alpha.12]
	at net.dv8tion.jda.internal.handle.MessageCreateHandler.handleInternally(MessageCreateHandler.java:127) [JDA-5.0.0-alpha.12.jar:5.0.0-alpha.12]
	at net.dv8tion.jda.internal.handle.SocketHandler.handle(SocketHandler.java:36) [JDA-5.0.0-alpha.12.jar:5.0.0-alpha.12]
	at net.dv8tion.jda.internal.requests.WebSocketClient.onDispatch(WebSocketClient.java:957) [JDA-5.0.0-alpha.12.jar:5.0.0-alpha.12]
	at net.dv8tion.jda.internal.requests.WebSocketClient.onEvent(WebSocketClient.java:844) [JDA-5.0.0-alpha.12.jar:5.0.0-alpha.12]
	at net.dv8tion.jda.internal.requests.WebSocketClient.handleEvent(WebSocketClient.java:822) [JDA-5.0.0-alpha.12.jar:5.0.0-alpha.12]
	at net.dv8tion.jda.internal.requests.WebSocketClient.onBinaryMessage(WebSocketClient.java:996) [JDA-5.0.0-alpha.12.jar:5.0.0-alpha.12]
	at com.neovisionaries.ws.client.ListenerManager.callOnBinaryMessage(ListenerManager.java:385) [nv-websocket-client-2.14.jar:?]
	at com.neovisionaries.ws.client.ReadingThread.callOnBinaryMessage(ReadingThread.java:276) [nv-websocket-client-2.14.jar:?]
	at com.neovisionaries.ws.client.ReadingThread.handleBinaryFrame(ReadingThread.java:996) [nv-websocket-client-2.14.jar:?]
	at com.neovisionaries.ws.client.ReadingThread.handleFrame(ReadingThread.java:755) [nv-websocket-client-2.14.jar:?]
	at com.neovisionaries.ws.client.ReadingThread.main(ReadingThread.java:108) [nv-websocket-client-2.14.jar:?]
	at com.neovisionaries.ws.client.ReadingThread.runMain(ReadingThread.java:64) [nv-websocket-client-2.14.jar:?]
	at com.neovisionaries.ws.client.WebSocketThread.run(WebSocketThread.java:45) [nv-websocket-client-2.14.jar:?]
[17:17:32] [JDA MainWS-ReadThread/ERROR]: One of the EventListeners had an uncaught exception
java.lang.NoSuchMethodError: 'void org.yaml.snakeyaml.DumperOptions.setProcessComments(boolean)'
	at org.bspfsystems.yamlconfiguration.file.YamlConfiguration.saveToString(YamlConfiguration.java:135) ~[yamlconfiguration-1.2.0.jar:?]
	at org.bspfsystems.yamlconfiguration.file.FileConfiguration.save(FileConfiguration.java:97) ~[yamlconfiguration-1.2.0.jar:?]
	at GiveawayBedingungListener.onMessageReceived(GiveawayBedingungListener.java:55) ~[classes/:?]
	at net.dv8tion.jda.api.hooks.ListenerAdapter.onEvent(ListenerAdapter.java:361) ~[JDA-5.0.0-alpha.12.jar:5.0.0-alpha.12]
	at net.dv8tion.jda.api.hooks.InterfacedEventManager.handle(InterfacedEventManager.java:96) [JDA-5.0.0-alpha.12.jar:5.0.0-alpha.12]
	at net.dv8tion.jda.internal.hooks.EventManagerProxy.handleInternally(EventManagerProxy.java:88) [JDA-5.0.0-alpha.12.jar:5.0.0-alpha.12]
	at net.dv8tion.jda.internal.hooks.EventManagerProxy.handle(EventManagerProxy.java:70) [JDA-5.0.0-alpha.12.jar:5.0.0-alpha.12]
	at net.dv8tion.jda.internal.JDAImpl.handleEvent(JDAImpl.java:164) [JDA-5.0.0-alpha.12.jar:5.0.0-alpha.12]
	at net.dv8tion.jda.internal.handle.MessageCreateHandler.handleInternally(MessageCreateHandler.java:127) [JDA-5.0.0-alpha.12.jar:5.0.0-alpha.12]
	at net.dv8tion.jda.internal.handle.SocketHandler.handle(SocketHandler.java:36) [JDA-5.0.0-alpha.12.jar:5.0.0-alpha.12]
	at net.dv8tion.jda.internal.requests.WebSocketClient.onDispatch(WebSocketClient.java:957) [JDA-5.0.0-alpha.12.jar:5.0.0-alpha.12]
	at net.dv8tion.jda.internal.requests.WebSocketClient.onEvent(WebSocketClient.java:844) [JDA-5.0.0-alpha.12.jar:5.0.0-alpha.12]
	at net.dv8tion.jda.internal.requests.WebSocketClient.handleEvent(WebSocketClient.java:822) [JDA-5.0.0-alpha.12.jar:5.0.0-alpha.12]
	at net.dv8tion.jda.internal.requests.WebSocketClient.onBinaryMessage(WebSocketClient.java:996) [JDA-5.0.0-alpha.12.jar:5.0.0-alpha.12]
	at com.neovisionaries.ws.client.ListenerManager.callOnBinaryMessage(ListenerManager.java:385) [nv-websocket-client-2.14.jar:?]
	at com.neovisionaries.ws.client.ReadingThread.callOnBinaryMessage(ReadingThread.java:276) [nv-websocket-client-2.14.jar:?]
	at com.neovisionaries.ws.client.ReadingThread.handleBinaryFrame(ReadingThread.java:996) [nv-websocket-client-2.14.jar:?]
	at com.neovisionaries.ws.client.ReadingThread.handleFrame(ReadingThread.java:755) [nv-websocket-client-2.14.jar:?]
	at com.neovisionaries.ws.client.ReadingThread.main(ReadingThread.java:108) [nv-websocket-client-2.14.jar:?]
	at com.neovisionaries.ws.client.ReadingThread.runMain(ReadingThread.java:64) [nv-websocket-client-2.14.jar:?]
	at com.neovisionaries.ws.client.WebSocketThread.run(WebSocketThread.java:45) [nv-websocket-client-2.14.jar:?]
